  object sort.cpp
C:\Program Files\Microsoft Visual Studio\2022\Community\VC\Tools\MSVC\14.32.31326\include\xutility(1451,19): error C2672: 'operator __surrogate_func': 일치하는 오버로드된 함수가 없습니다.
C:\Program Files\Microsoft Visual Studio\2022\Community\VC\Tools\MSVC\14.32.31326\include\xutility(1450): message : 컴파일되는 함수 템플릿 인스턴스화 'bool std::_Debug_lt_pred<_Pr&,Student&,Student&,0>(std::less<void>&,_Ty1,_Ty2) noexcept(<expr>)'에 대한 참조를 확인하세요.
          with
          [
              _Pr=std::less<void>,
              _Ty1=Student &,
              _Ty2=Student &
          ]
C:\Program Files\Microsoft Visual Studio\2022\Community\VC\Tools\MSVC\14.32.31326\include\algorithm(7425): message : 컴파일되는 함수 템플릿 인스턴스화 '_BidIt std::_Insertion_sort_unchecked<_RanIt,_Pr>(const _BidIt,const _BidIt,_Pr)'에 대한 참조를 확인하세요.
          with
          [
              _BidIt=Student *,
              _RanIt=Student *,
              _Pr=std::less<void>
          ]
C:\Program Files\Microsoft Visual Studio\2022\Community\VC\Tools\MSVC\14.32.31326\include\algorithm(7455): message : 컴파일되는 함수 템플릿 인스턴스화 'void std::_Sort_unchecked<_RanIt,_Fn>(_RanIt,_RanIt,__int64,_Pr)'에 대한 참조를 확인하세요.
          with
          [
              _RanIt=Student *,
              _Fn=std::less<void>,
              _Pr=std::less<void>
          ]
C:\Program Files\Microsoft Visual Studio\2022\Community\VC\Tools\MSVC\14.32.31326\include\algorithm(7463): message : 컴파일되는 함수 템플릿 인스턴스화 'void std::sort<_RanIt,std::less<void>>(const _RanIt,const _RanIt,_Pr)'에 대한 참조를 확인하세요.
          with
          [
              _RanIt=Student *,
              _Pr=std::less<void>
          ]
D:\창훈\알고리즘\동빈나 실전 알고리즘\정렬\정렬\object sort.cpp(31): message : 컴파일되는 함수 템플릿 인스턴스화 'void std::sort<Student*>(const _RanIt,const _RanIt)'에 대한 참조를 확인하세요.
          with
          [
              _RanIt=Student *
          ]
C:\Program Files\Microsoft Visual Studio\2022\Community\VC\Tools\MSVC\14.32.31326\include\xutility(1451,1): error C2893: 함수 템플릿 'unknown-type std::less<void>::operator ()(_Ty1 &&,_Ty2 &&) noexcept(<expr>) const'을(를) 특수화하지 못했습니다.
C:\Program Files\Microsoft Visual Studio\2022\Community\VC\Tools\MSVC\14.32.31326\include\xstddef(218): message : 'std::less<void>::operator ()' 선언을 참조하십시오.
C:\Program Files\Microsoft Visual Studio\2022\Community\VC\Tools\MSVC\14.32.31326\include\xutility(1451,1): message : 다음 템플릿 인수 사용:
C:\Program Files\Microsoft Visual Studio\2022\Community\VC\Tools\MSVC\14.32.31326\include\xutility(1451,1): message : '_Ty1=Student &'
C:\Program Files\Microsoft Visual Studio\2022\Community\VC\Tools\MSVC\14.32.31326\include\xutility(1451,1): message : '_Ty2=Student &'
C:\Program Files\Microsoft Visual Studio\2022\Community\VC\Tools\MSVC\14.32.31326\include\algorithm(7363,16): error C2672: 'operator __surrogate_func': 일치하는 오버로드된 함수가 없습니다.
C:\Program Files\Microsoft Visual Studio\2022\Community\VC\Tools\MSVC\14.32.31326\include\algorithm(7425): message : 컴파일되는 함수 템플릿 인스턴스화 'std::pair<_RanIt,_RanIt> std::_Partition_by_median_guess_unchecked<_RanIt,_Pr>(_RanIt,_RanIt,_Pr)'에 대한 참조를 확인하세요.
          with
          [
              _RanIt=Student *,
              _Pr=std::less<void>
          ]
C:\Program Files\Microsoft Visual Studio\2022\Community\VC\Tools\MSVC\14.32.31326\include\algorithm(7355,1): error C2893: 함수 템플릿 'unknown-type std::less<void>::operator ()(_Ty1 &&,_Ty2 &&) noexcept(<expr>) const'을(를) 특수화하지 못했습니다.
C:\Program Files\Microsoft Visual Studio\2022\Community\VC\Tools\MSVC\14.32.31326\include\xstddef(218): message : 'std::less<void>::operator ()' 선언을 참조하십시오.
C:\Program Files\Microsoft Visual Studio\2022\Community\VC\Tools\MSVC\14.32.31326\include\algorithm(7355,1): message : 다음 템플릿 인수 사용:
C:\Program Files\Microsoft Visual Studio\2022\Community\VC\Tools\MSVC\14.32.31326\include\algorithm(7355,1): message : '_Ty1=Student &'
C:\Program Files\Microsoft Visual Studio\2022\Community\VC\Tools\MSVC\14.32.31326\include\algorithm(7355,1): message : '_Ty2=Student &'
C:\Program Files\Microsoft Visual Studio\2022\Community\VC\Tools\MSVC\14.32.31326\include\algorithm(7367,76): error C2672: 'operator __surrogate_func': 일치하는 오버로드된 함수가 없습니다.
C:\Program Files\Microsoft Visual Studio\2022\Community\VC\Tools\MSVC\14.32.31326\include\algorithm(7378,24): error C2672: 'operator __surrogate_func': 일치하는 오버로드된 함수가 없습니다.
C:\Program Files\Microsoft Visual Studio\2022\Community\VC\Tools\MSVC\14.32.31326\include\algorithm(7391,24): error C2672: 'operator __surrogate_func': 일치하는 오버로드된 함수가 없습니다.
